<?xml version="1.0" encoding="utf-8"?><testsuites name="pytest tests"><testsuite name="pytest" errors="0" failures="0" skipped="0" tests="19" time="4.814" timestamp="2026-06-29T20:51:40.853733+00:00" hostname="agent-env-5e460bb7-abba-4947-a46e-a99acae7c461"><testcase classname="tests.test_agriflow" name="test_admin_login" time="0.409" /><testcase classname="tests.test_agriflow" name="test_admin_me" time="0.411" /><testcase classname="tests.test_agriflow" name="test_farmer_register_and_me" time="1.380" /><testcase classname="tests.test_agriflow" name="test_duplicate_register" time="0.098" /><testcase classname="tests.test_agriflow" name="test_wrong_password_rejected" time="0.320" /><testcase classname="tests.test_agriflow" name="test_create_farm" time="0.404" /><testcase classname="tests.test_agriflow" name="test_get_farms" time="0.041" /><testcase classname="tests.test_agriflow" name="test_get_farm_by_id" time="0.531" /><testcase classname="tests.test_agriflow" name="test_create_plot" time="0.046" /><testcase classname="tests.test_agriflow" name="test_get_plots" time="0.044" /><testcase classname="tests.test_agriflow" name="test_create_device" time="0.047" /><testcase classname="tests.test_agriflow" name="test_get_devices" time="0.047" /><testcase classname="tests.test_agriflow" name="test_create_reading_low_moisture" time="0.078" /><testcase classname="tests.test_agriflow" name="test_get_alerts" time="0.044" /><testcase classname="tests.test_agriflow" name="test_generate_predictions" time="0.050" /><testcase classname="tests.test_agriflow" name="test_get_predictions" time="0.046" /><testcase classname="tests.test_agriflow" name="test_admin_get_users" time="0.050" /><testcase classname="tests.test_agriflow" name="test_admin_stats" time="0.051" /><testcase classname="tests.test_agriflow" name="test_farmer_cannot_access_admin" time="0.206" /></testsuite></testsuites>