<?xml version="1.0" encoding="utf-8"?><testsuites name="pytest tests"><testsuite name="pytest" errors="0" failures="0" skipped="0" tests="19" time="3.163" timestamp="2026-06-29T20:10:20.318789+00:00" hostname="agent-env-5e460bb7-abba-4947-a46e-a99acae7c461"><testcase classname="tests.test_agriflow" name="test_admin_login" time="0.361" /><testcase classname="tests.test_agriflow" name="test_admin_me" time="0.401" /><testcase classname="tests.test_agriflow" name="test_farmer_register_and_me" time="0.402" /><testcase classname="tests.test_agriflow" name="test_duplicate_register" time="0.140" /><testcase classname="tests.test_agriflow" name="test_wrong_password_rejected" time="0.360" /><testcase classname="tests.test_agriflow" name="test_create_farm" time="0.073" /><testcase classname="tests.test_agriflow" name="test_get_farms" time="0.052" /><testcase classname="tests.test_agriflow" name="test_get_farm_by_id" time="0.055" /><testcase classname="tests.test_agriflow" name="test_create_plot" time="0.064" /><testcase classname="tests.test_agriflow" name="test_get_plots" time="0.052" /><testcase classname="tests.test_agriflow" name="test_create_device" time="0.065" /><testcase classname="tests.test_agriflow" name="test_get_devices" time="0.059" /><testcase classname="tests.test_agriflow" name="test_create_reading_low_moisture" time="0.060" /><testcase classname="tests.test_agriflow" name="test_get_alerts" time="0.055" /><testcase classname="tests.test_agriflow" name="test_generate_predictions" time="0.070" /><testcase classname="tests.test_agriflow" name="test_get_predictions" time="0.066" /><testcase classname="tests.test_agriflow" name="test_admin_get_users" time="0.057" /><testcase classname="tests.test_agriflow" name="test_admin_stats" time="0.056" /><testcase classname="tests.test_agriflow" name="test_farmer_cannot_access_admin" time="0.177" /></testsuite></testsuites>